<?xml version="1.0" encoding="UTF-8"?>
<Site BuildName="(empty)"
	BuildStamp="20200711-0908-Experimental"
	Name="(empty)"
	Generator="ctest-3.10.2"
	CompilerName=""
	CompilerVersion=""
	OSName="Linux"
	Hostname="Daba669-Cyber"
	OSRelease="4.4.0-18362-Microsoft"
	OSVersion="#836-Microsoft Mon May 05 16:04:00 PST 2020"
	OSPlatform="x86_64"
	Is64Bits="1"
	VendorString="GenuineIntel"
	VendorID="Intel Corporation"
	FamilyID="6"
	ModelID="158"
	ProcessorCacheSize="256"
	NumberOfLogicalCPU="8"
	NumberOfPhysicalCPU="8"
	TotalVirtualMemory="32158"
	TotalPhysicalMemory="32674"
	LogicalProcessorsPerPhysical="1"
	ProcessorClockFrequency="3600"
	>
	<Testing>
		<StartDateTime>Jul 11 15:58 PDT</StartDateTime>
		<StartTestTime>1594508325</StartTestTime>
		<TestList>
			<Test>./test/HelloWorld_Test</Test>
		</TestList>
		<Test Status="passed">
			<Name>HelloWorld_Test</Name>
			<Path>./test</Path>
			<FullName>./test/HelloWorld_Test</FullName>
			<FullCommandLine>/root/Code/Example-gTest/build/test/HelloWorld_Test</FullCommandLine>
			<Results>
				<NamedMeasurement type="numeric/double" name="Execution Time">
					<Value>0.00896502</Value>
				</NamedMeasurement>
				<NamedMeasurement type="numeric/double" name="Processors">
					<Value>1</Value>
				</NamedMeasurement>
				<NamedMeasurement type="text/string" name="Completion Status">
					<Value>Completed</Value>
				</NamedMeasurement>
				<NamedMeasurement type="text/string" name="Command Line">
					<Value>/root/Code/Example-gTest/build/test/HelloWorld_Test</Value>
				</NamedMeasurement>
				<Measurement>
					<Value encoding="base64" compression="gzip">eJyNUcFOwzAMvecrfFwPTYA7BzSqISExaEEcqmrKWhMVJfGUpMDn0yxTpVZi7J0c+fk9v7gcrO2tAiN7u8rgw5EB4YiCWFOHoviR5qAxV6/og1BESmNYlN61QsVqF0V427L6dkID5cnhBiLHJ4vr4wP80AfkrM4nNLDRtJc69dF+9Y6sQTtyMeTDYUGeiT6g1vROTne7uC6roXx7giOaZZNXwY1bbfefxctITNg+nifC6gqMz84Lr9PAf7ITbRK9NFcagEBB6oxd9nkBpcs7+rbz2/x5E3DS8rnRmOb5rqqK+xj6NMjZL9PUtxM=</Value>
				</Measurement>
			</Results>
		</Test>
		<EndDateTime>Jul 11 15:58 PDT</EndDateTime>
		<EndTestTime>1594508325</EndTestTime>
		<ElapsedMinutes>0</ElapsedMinutes>
	</Testing>
</Site>
