<?xml version="1.0" encoding="UTF-8"?>
<Site BuildName="(empty)"
	BuildStamp="20200711-0908-Experimental"
	Name="(empty)"
	Generator="ctest-3.10.2"
	CompilerName=""
	CompilerVersion=""
	OSName="Linux"
	Hostname="Daba669-Cyber"
	OSRelease="4.4.0-18362-Microsoft"
	OSVersion="#836-Microsoft Mon May 05 16:04:00 PST 2020"
	OSPlatform="x86_64"
	Is64Bits="1"
	VendorString="GenuineIntel"
	VendorID="Intel Corporation"
	FamilyID="6"
	ModelID="158"
	ProcessorCacheSize="256"
	NumberOfLogicalCPU="8"
	NumberOfPhysicalCPU="8"
	TotalVirtualMemory="32158"
	TotalPhysicalMemory="32674"
	LogicalProcessorsPerPhysical="1"
	ProcessorClockFrequency="3600"
	>
	<Testing>
		<StartDateTime>Jul 11 02:08 PDT</StartDateTime>
		<StartTestTime>1594458509</StartTestTime>
		<TestList>
			<Test>./test/HelloWorld_Test</Test>
		</TestList>
		<Test Status="passed">
			<Name>HelloWorld_Test</Name>
			<Path>./test</Path>
			<FullName>./test/HelloWorld_Test</FullName>
			<FullCommandLine>/root/Code/Example-gTest/build/test/HelloWorld_Test</FullCommandLine>
			<Results>
				<NamedMeasurement type="numeric/double" name="Execution Time">
					<Value>0.00908995</Value>
				</NamedMeasurement>
				<NamedMeasurement type="numeric/double" name="Processors">
					<Value>1</Value>
				</NamedMeasurement>
				<NamedMeasurement type="text/string" name="Completion Status">
					<Value>Completed</Value>
				</NamedMeasurement>
				<NamedMeasurement type="text/string" name="Command Line">
					<Value>/root/Code/Example-gTest/build/test/HelloWorld_Test</Value>
				</NamedMeasurement>
				<Measurement>
					<Value encoding="base64" compression="gzip">eJyNkMFqwzAMhu9+Ch2bQ+z1AXYoW2mhrBvpxg4hFC9RTcCWiu2se/zFcylrYKP/QfygD0m/qoGoJwNO9zQr4ODZgfLMUT1wh2r5pd3RYmleMURlmI3FOLHBt8okt09DZNuK+v6iBqrzhjkkJm84+zD0EaWoy4saWFn+0Db3kT57z+SQRhZjORwn8O+Za7SW39nbbp+OFTVUb1v4UTNtylWqT7r1HEYw63nzPwizO3ChuPmCzEPkqG0hbksZUfuy4xNd//Cv34HXJK/3jGleFrvd8jHFzqwU3y0bm1E=</Value>
				</Measurement>
			</Results>
		</Test>
		<EndDateTime>Jul 11 02:08 PDT</EndDateTime>
		<EndTestTime>1594458509</EndTestTime>
		<ElapsedMinutes>0</ElapsedMinutes>
	</Testing>
</Site>
